2025-06-01 15:00:42,928 [INFO] HTTP Request: GET https://vlzpsyxwekggophcjbpu.supabase.co/rest/v1/pacientes?select=id%2Cfoto "HTTP/2 200 OK"
2025-06-01 15:00:45,718 [INFO] Foram encontrados 3 pacientes na base de dados para atualização inicial.
2025-06-01 15:00:46,700 [INFO] HTTP Request: PATCH https://vlzpsyxwekggophcjbpu.supabase.co/rest/v1/pacientes?id=eq.None "HTTP/2 400 Bad Request"
2025-06-01 15:00:47,313 [ERROR] Erro ao atualizar as fotos iniciais: {'message': 'invalid input syntax for type uuid: "None"', 'code': '22P02', 'hint': None, 'details': None}
2025-06-01 15:38:51,382 [INFO] HTTP Request: GET https://vlzpsyxwekggophcjbpu.supabase.co/rest/v1/pacientes?select=id%2Cfoto "HTTP/2 200 OK"
2025-06-01 15:38:51,440 [INFO] Foram encontrados 3 pacientes na base de dados para atualização inicial.
2025-06-01 15:38:52,252 [INFO] HTTP Request: PATCH https://vlzpsyxwekggophcjbpu.supabase.co/rest/v1/pacientes?id=eq.None "HTTP/2 400 Bad Request"
2025-06-01 15:38:52,256 [ERROR] Erro ao atualizar as fotos iniciais: {'message': 'invalid input syntax for type uuid: "None"', 'code': '22P02', 'hint': None, 'details': None}
2025-06-01 15:39:03,124 [INFO] HTTP Request: GET https://vlzpsyxwekggophcjbpu.supabase.co/rest/v1/pacientes?select=id%2Cfoto "HTTP/2 200 OK"
2025-06-01 15:39:03,134 [INFO] Foram encontrados 3 pacientes na base de dados para atualização inicial.
2025-06-01 15:39:03,897 [INFO] HTTP Request: PATCH https://vlzpsyxwekggophcjbpu.supabase.co/rest/v1/pacientes?id=eq.None "HTTP/2 400 Bad Request"
2025-06-01 15:39:03,962 [ERROR] Erro ao atualizar as fotos iniciais: {'message': 'invalid input syntax for type uuid: "None"', 'code': '22P02', 'hint': None, 'details': None}
2025-06-01 15:39:18,145 [INFO] HTTP Request: GET https://vlzpsyxwekggophcjbpu.supabase.co/rest/v1/pacientes?select=id%2Cfoto "HTTP/2 200 OK"
2025-06-01 15:39:18,166 [INFO] Foram encontrados 3 pacientes na base de dados para atualização inicial.
2025-06-01 15:39:18,886 [INFO] HTTP Request: PATCH https://vlzpsyxwekggophcjbpu.supabase.co/rest/v1/pacientes?id=eq.None "HTTP/2 400 Bad Request"
2025-06-01 15:39:18,889 [ERROR] Erro ao atualizar as fotos iniciais: {'message': 'invalid input syntax for type uuid: "None"', 'code': '22P02', 'hint': None, 'details': None}
2025-06-01 15:39:50,813 [INFO] HTTP Request: GET https://vlzpsyxwekggophcjbpu.supabase.co/rest/v1/pacientes?select=id%2Cfoto "HTTP/2 200 OK"
2025-06-01 15:39:50,827 [INFO] Foram encontrados 3 pacientes na base de dados para atualização inicial.
2025-06-01 15:39:52,082 [INFO] HTTP Request: PATCH https://vlzpsyxwekggophcjbpu.supabase.co/rest/v1/pacientes?id=eq.None "HTTP/2 400 Bad Request"
2025-06-01 15:39:52,085 [ERROR] Erro ao atualizar as fotos iniciais: {'message': 'invalid input syntax for type uuid: "None"', 'code': '22P02', 'hint': None, 'details': None}
2025-06-01 15:42:44,829 [ERROR] Erro ao atualizar as fotos iniciais: _ssl.c:983: The handshake operation timed out
2025-06-01 16:09:19,677 [INFO] HTTP Request: GET https://vlzpsyxwekggophcjbpu.supabase.co/rest/v1/pacientes?select=id%2Cfoto "HTTP/2 200 OK"
2025-06-01 16:09:19,755 [INFO] Foram encontrados 3 pacientes na base de dados para atualização inicial.
2025-06-01 16:09:20,689 [INFO] HTTP Request: PATCH https://vlzpsyxwekggophcjbpu.supabase.co/rest/v1/pacientes?id=eq.None "HTTP/2 400 Bad Request"
2025-06-01 16:09:20,768 [ERROR] Erro ao atualizar as fotos iniciais: {'message': 'invalid input syntax for type uuid: "None"', 'code': '22P02', 'hint': None, 'details': None}
2025-06-01 16:09:33,413 [INFO] HTTP Request: GET https://vlzpsyxwekggophcjbpu.supabase.co/rest/v1/pacientes?select=id%2Cfoto "HTTP/2 200 OK"
2025-06-01 16:09:33,422 [INFO] Foram encontrados 3 pacientes na base de dados para atualização inicial.
2025-06-01 16:09:34,380 [INFO] HTTP Request: PATCH https://vlzpsyxwekggophcjbpu.supabase.co/rest/v1/pacientes?id=eq.None "HTTP/2 400 Bad Request"
2025-06-01 16:09:34,382 [ERROR] Erro ao atualizar as fotos iniciais: {'message': 'invalid input syntax for type uuid: "None"', 'code': '22P02', 'hint': None, 'details': None}
2025-06-01 16:09:35,339 [INFO] HTTP Request: GET https://vlzpsyxwekggophcjbpu.supabase.co/rest/v1/pacientes?select=%2A "HTTP/2 200 OK"
2025-06-01 16:09:35,348 [INFO] 3 pacientes carregados para listagem.
2025-06-01 16:09:41,411 [ERROR] Erro ao listar pacientes: Error opening '["https://vlzpsyxwekggophcjbpu.supabase.co/storage/v1/object/public/fotos-pacientes/nova_foto/IMG_20170911_202318.JPG?"]'
2025-06-01 16:10:03,501 [INFO] HTTP Request: GET https://vlzpsyxwekggophcjbpu.supabase.co/rest/v1/pacientes?select=id%2Cfoto "HTTP/2 200 OK"
2025-06-01 16:10:03,517 [INFO] Foram encontrados 3 pacientes na base de dados para atualização inicial.
2025-06-01 16:10:04,526 [INFO] HTTP Request: PATCH https://vlzpsyxwekggophcjbpu.supabase.co/rest/v1/pacientes?id=eq.None "HTTP/2 400 Bad Request"
2025-06-01 16:10:04,529 [ERROR] Erro ao atualizar as fotos iniciais: {'message': 'invalid input syntax for type uuid: "None"', 'code': '22P02', 'hint': None, 'details': None}
2025-06-01 16:10:25,242 [INFO] HTTP Request: GET https://vlzpsyxwekggophcjbpu.supabase.co/rest/v1/pacientes?select=id%2Cfoto "HTTP/2 200 OK"
2025-06-01 16:10:25,258 [INFO] Foram encontrados 3 pacientes na base de dados para atualização inicial.
2025-06-01 16:10:25,411 [INFO] HTTP Request: GET https://vlzpsyxwekggophcjbpu.supabase.co/rest/v1/pacientes?select=id%2Cfoto "HTTP/2 200 OK"
2025-06-01 16:10:25,420 [INFO] Foram encontrados 3 pacientes na base de dados para atualização inicial.
2025-06-01 16:10:25,454 [INFO] HTTP Request: GET https://vlzpsyxwekggophcjbpu.supabase.co/rest/v1/pacientes?select=id%2Cfoto "HTTP/2 200 OK"
2025-06-01 16:10:25,458 [INFO] Foram encontrados 3 pacientes na base de dados para atualização inicial.
2025-06-01 16:10:25,472 [INFO] HTTP Request: GET https://vlzpsyxwekggophcjbpu.supabase.co/rest/v1/pacientes?select=id%2Cfoto "HTTP/2 200 OK"
2025-06-01 16:10:25,475 [INFO] Foram encontrados 3 pacientes na base de dados para atualização inicial.
2025-06-01 16:10:25,500 [INFO] HTTP Request: GET https://vlzpsyxwekggophcjbpu.supabase.co/rest/v1/pacientes?select=id%2Cfoto "HTTP/2 200 OK"
2025-06-01 16:10:25,505 [INFO] Foram encontrados 3 pacientes na base de dados para atualização inicial.
2025-06-01 16:10:25,679 [INFO] HTTP Request: GET https://vlzpsyxwekggophcjbpu.supabase.co/rest/v1/pacientes?select=id%2Cfoto "HTTP/2 200 OK"
2025-06-01 16:10:25,689 [INFO] Foram encontrados 3 pacientes na base de dados para atualização inicial.
2025-06-01 16:10:25,785 [INFO] HTTP Request: GET https://vlzpsyxwekggophcjbpu.supabase.co/rest/v1/pacientes?select=id%2Cfoto "HTTP/2 200 OK"
2025-06-01 16:10:25,787 [INFO] Foram encontrados 3 pacientes na base de dados para atualização inicial.
2025-06-01 16:10:25,971 [INFO] HTTP Request: PATCH https://vlzpsyxwekggophcjbpu.supabase.co/rest/v1/pacientes?id=eq.None "HTTP/2 400 Bad Request"
2025-06-01 16:10:25,974 [ERROR] Erro ao atualizar as fotos iniciais: {'message': 'invalid input syntax for type uuid: "None"', 'code': '22P02', 'hint': None, 'details': None}
2025-06-01 16:10:26,065 [INFO] HTTP Request: GET https://vlzpsyxwekggophcjbpu.supabase.co/rest/v1/pacientes?select=id%2Cfoto "HTTP/2 200 OK"
2025-06-01 16:10:26,075 [INFO] Foram encontrados 3 pacientes na base de dados para atualização inicial.
2025-06-01 16:10:26,135 [INFO] HTTP Request: PATCH https://vlzpsyxwekggophcjbpu.supabase.co/rest/v1/pacientes?id=eq.None "HTTP/2 400 Bad Request"
2025-06-01 16:10:26,139 [INFO] HTTP Request: GET https://vlzpsyxwekggophcjbpu.supabase.co/rest/v1/pacientes?select=id%2Cfoto "HTTP/2 200 OK"
2025-06-01 16:10:26,142 [ERROR] Erro ao atualizar as fotos iniciais: {'message': 'invalid input syntax for type uuid: "None"', 'code': '22P02', 'hint': None, 'details': None}
2025-06-01 16:10:26,144 [INFO] Foram encontrados 3 pacientes na base de dados para atualização inicial.
2025-06-01 16:10:26,238 [INFO] HTTP Request: PATCH https://vlzpsyxwekggophcjbpu.supabase.co/rest/v1/pacientes?id=eq.None "HTTP/2 400 Bad Request"
2025-06-01 16:10:26,240 [INFO] HTTP Request: PATCH https://vlzpsyxwekggophcjbpu.supabase.co/rest/v1/pacientes?id=eq.None "HTTP/2 400 Bad Request"
2025-06-01 16:10:26,243 [INFO] HTTP Request: PATCH https://vlzpsyxwekggophcjbpu.supabase.co/rest/v1/pacientes?id=eq.None "HTTP/2 400 Bad Request"
2025-06-01 16:10:26,257 [ERROR] Erro ao atualizar as fotos iniciais: {'message': 'invalid input syntax for type uuid: "None"', 'code': '22P02', 'hint': None, 'details': None}
2025-06-01 16:10:26,259 [ERROR] Erro ao atualizar as fotos iniciais: {'message': 'invalid input syntax for type uuid: "None"', 'code': '22P02', 'hint': None, 'details': None}
2025-06-01 16:10:26,346 [ERROR] Erro ao atualizar as fotos iniciais: {'message': 'invalid input syntax for type uuid: "None"', 'code': '22P02', 'hint': None, 'details': None}
2025-06-01 16:10:26,445 [INFO] HTTP Request: PATCH https://vlzpsyxwekggophcjbpu.supabase.co/rest/v1/pacientes?id=eq.None "HTTP/2 400 Bad Request"
2025-06-01 16:10:26,458 [ERROR] Erro ao atualizar as fotos iniciais: {'message': 'invalid input syntax for type uuid: "None"', 'code': '22P02', 'hint': None, 'details': None}
2025-06-01 16:10:26,543 [INFO] HTTP Request: PATCH https://vlzpsyxwekggophcjbpu.supabase.co/rest/v1/pacientes?id=eq.None "HTTP/2 400 Bad Request"
2025-06-01 16:10:26,566 [ERROR] Erro ao atualizar as fotos iniciais: {'message': 'invalid input syntax for type uuid: "None"', 'code': '22P02', 'hint': None, 'details': None}
2025-06-01 16:10:26,800 [INFO] HTTP Request: PATCH https://vlzpsyxwekggophcjbpu.supabase.co/rest/v1/pacientes?id=eq.None "HTTP/2 400 Bad Request"
2025-06-01 16:10:26,803 [ERROR] Erro ao atualizar as fotos iniciais: {'message': 'invalid input syntax for type uuid: "None"', 'code': '22P02', 'hint': None, 'details': None}
2025-06-01 16:10:26,907 [INFO] HTTP Request: PATCH https://vlzpsyxwekggophcjbpu.supabase.co/rest/v1/pacientes?id=eq.None "HTTP/2 400 Bad Request"
2025-06-01 16:10:26,910 [ERROR] Erro ao atualizar as fotos iniciais: {'message': 'invalid input syntax for type uuid: "None"', 'code': '22P02', 'hint': None, 'details': None}
2025-06-01 16:12:33,392 [INFO] HTTP Request: GET https://vlzpsyxwekggophcjbpu.supabase.co/rest/v1/pacientes?select=id%2Cfoto "HTTP/2 200 OK"
2025-06-01 16:12:58,646 [INFO] Foram encontrados 3 pacientes na base de dados para atualização inicial.
2025-06-01 16:13:02,826 [INFO] HTTP Request: PATCH https://vlzpsyxwekggophcjbpu.supabase.co/rest/v1/pacientes?id=eq.None "HTTP/2 400 Bad Request"
2025-06-01 16:13:04,485 [ERROR] Erro ao atualizar as fotos iniciais: {'message': 'invalid input syntax for type uuid: "None"', 'code': '22P02', 'hint': None, 'details': None}
2025-06-01 16:13:55,160 [INFO] HTTP Request: GET https://vlzpsyxwekggophcjbpu.supabase.co/rest/v1/pacientes?select=id%2Cfoto "HTTP/2 200 OK"
2025-06-01 16:13:55,175 [INFO] Foram encontrados 3 pacientes na base de dados para atualização inicial.
2025-06-01 16:13:56,118 [INFO] HTTP Request: PATCH https://vlzpsyxwekggophcjbpu.supabase.co/rest/v1/pacientes?id=eq.None "HTTP/2 400 Bad Request"
2025-06-01 16:13:56,136 [ERROR] Erro ao atualizar as fotos iniciais: {'message': 'invalid input syntax for type uuid: "None"', 'code': '22P02', 'hint': None, 'details': None}
2025-06-01 16:14:25,820 [INFO] HTTP Request: GET https://vlzpsyxwekggophcjbpu.supabase.co/rest/v1/pacientes?select=id%2Cfoto "HTTP/2 200 OK"
2025-06-01 16:14:25,832 [INFO] Foram encontrados 3 pacientes na base de dados para atualização inicial.
2025-06-01 16:14:26,557 [INFO] HTTP Request: PATCH https://vlzpsyxwekggophcjbpu.supabase.co/rest/v1/pacientes?id=eq.None "HTTP/2 400 Bad Request"
2025-06-01 16:14:26,559 [ERROR] Erro ao atualizar as fotos iniciais: {'message': 'invalid input syntax for type uuid: "None"', 'code': '22P02', 'hint': None, 'details': None}
2025-06-01 16:14:34,527 [INFO] HTTP Request: GET https://vlzpsyxwekggophcjbpu.supabase.co/rest/v1/pacientes?select=id%2Cfoto "HTTP/2 200 OK"
2025-06-01 16:14:34,543 [INFO] Foram encontrados 3 pacientes na base de dados para atualização inicial.
2025-06-01 16:14:35,227 [INFO] HTTP Request: PATCH https://vlzpsyxwekggophcjbpu.supabase.co/rest/v1/pacientes?id=eq.None "HTTP/2 400 Bad Request"
2025-06-01 16:14:35,229 [ERROR] Erro ao atualizar as fotos iniciais: {'message': 'invalid input syntax for type uuid: "None"', 'code': '22P02', 'hint': None, 'details': None}
2025-06-01 16:14:48,501 [INFO] HTTP Request: GET https://vlzpsyxwekggophcjbpu.supabase.co/rest/v1/pacientes?select=id%2Cfoto "HTTP/2 200 OK"
2025-06-01 16:14:48,528 [INFO] Foram encontrados 3 pacientes na base de dados para atualização inicial.
2025-06-01 16:14:48,972 [INFO] HTTP Request: GET https://vlzpsyxwekggophcjbpu.supabase.co/rest/v1/pacientes?select=id%2Cfoto "HTTP/2 200 OK"
2025-06-01 16:14:48,983 [INFO] Foram encontrados 3 pacientes na base de dados para atualização inicial.
2025-06-01 16:14:49,228 [INFO] HTTP Request: PATCH https://vlzpsyxwekggophcjbpu.supabase.co/rest/v1/pacientes?id=eq.None "HTTP/2 400 Bad Request"
2025-06-01 16:14:49,235 [ERROR] Erro ao atualizar as fotos iniciais: {'message': 'invalid input syntax for type uuid: "None"', 'code': '22P02', 'hint': None, 'details': None}
2025-06-01 16:14:49,360 [INFO] HTTP Request: GET https://vlzpsyxwekggophcjbpu.supabase.co/rest/v1/pacientes?select=id%2Cfoto "HTTP/2 200 OK"
2025-06-01 16:14:49,369 [INFO] HTTP Request: PATCH https://vlzpsyxwekggophcjbpu.supabase.co/rest/v1/pacientes?id=eq.None "HTTP/2 400 Bad Request"
2025-06-01 16:14:49,391 [INFO] Foram encontrados 3 pacientes na base de dados para atualização inicial.
2025-06-01 16:14:49,398 [ERROR] Erro ao atualizar as fotos iniciais: {'message': 'invalid input syntax for type uuid: "None"', 'code': '22P02', 'hint': None, 'details': None}
2025-06-01 16:14:49,730 [INFO] HTTP Request: GET https://vlzpsyxwekggophcjbpu.supabase.co/rest/v1/pacientes?select=id%2Cfoto "HTTP/2 200 OK"
2025-06-01 16:14:49,739 [INFO] Foram encontrados 3 pacientes na base de dados para atualização inicial.
2025-06-01 16:14:49,884 [INFO] HTTP Request: GET https://vlzpsyxwekggophcjbpu.supabase.co/rest/v1/pacientes?select=id%2Cfoto "HTTP/2 200 OK"
2025-06-01 16:14:49,887 [INFO] Foram encontrados 3 pacientes na base de dados para atualização inicial.
2025-06-01 16:14:49,988 [INFO] HTTP Request: GET https://vlzpsyxwekggophcjbpu.supabase.co/rest/v1/pacientes?select=id%2Cfoto "HTTP/2 200 OK"
2025-06-01 16:14:49,998 [INFO] Foram encontrados 3 pacientes na base de dados para atualização inicial.
2025-06-01 16:14:50,088 [INFO] HTTP Request: GET https://vlzpsyxwekggophcjbpu.supabase.co/rest/v1/pacientes?select=id%2Cfoto "HTTP/2 200 OK"
2025-06-01 16:14:50,092 [INFO] HTTP Request: PATCH https://vlzpsyxwekggophcjbpu.supabase.co/rest/v1/pacientes?id=eq.None "HTTP/2 400 Bad Request"
2025-06-01 16:14:50,094 [INFO] Foram encontrados 3 pacientes na base de dados para atualização inicial.
2025-06-01 16:14:50,103 [ERROR] Erro ao atualizar as fotos iniciais: {'message': 'invalid input syntax for type uuid: "None"', 'code': '22P02', 'hint': None, 'details': None}
2025-06-01 16:14:50,329 [INFO] HTTP Request: GET https://vlzpsyxwekggophcjbpu.supabase.co/rest/v1/pacientes?select=id%2Cfoto "HTTP/2 200 OK"
2025-06-01 16:14:50,341 [INFO] Foram encontrados 3 pacientes na base de dados para atualização inicial.
2025-06-01 16:14:50,425 [INFO] HTTP Request: PATCH https://vlzpsyxwekggophcjbpu.supabase.co/rest/v1/pacientes?id=eq.None "HTTP/2 400 Bad Request"
2025-06-01 16:14:50,429 [ERROR] Erro ao atualizar as fotos iniciais: {'message': 'invalid input syntax for type uuid: "None"', 'code': '22P02', 'hint': None, 'details': None}
2025-06-01 16:14:50,550 [INFO] HTTP Request: GET https://vlzpsyxwekggophcjbpu.supabase.co/rest/v1/pacientes?select=id%2Cfoto "HTTP/2 200 OK"
2025-06-01 16:14:50,562 [INFO] Foram encontrados 3 pacientes na base de dados para atualização inicial.
2025-06-01 16:14:50,573 [INFO] HTTP Request: PATCH https://vlzpsyxwekggophcjbpu.supabase.co/rest/v1/pacientes?id=eq.None "HTTP/2 400 Bad Request"
2025-06-01 16:14:50,577 [ERROR] Erro ao atualizar as fotos iniciais: {'message': 'invalid input syntax for type uuid: "None"', 'code': '22P02', 'hint': None, 'details': None}
2025-06-01 16:14:50,684 [INFO] HTTP Request: PATCH https://vlzpsyxwekggophcjbpu.supabase.co/rest/v1/pacientes?id=eq.None "HTTP/2 400 Bad Request"
2025-06-01 16:14:50,698 [ERROR] Erro ao atualizar as fotos iniciais: {'message': 'invalid input syntax for type uuid: "None"', 'code': '22P02', 'hint': None, 'details': None}
2025-06-01 16:14:50,788 [INFO] HTTP Request: PATCH https://vlzpsyxwekggophcjbpu.supabase.co/rest/v1/pacientes?id=eq.None "HTTP/2 400 Bad Request"
2025-06-01 16:14:50,790 [INFO] HTTP Request: PATCH https://vlzpsyxwekggophcjbpu.supabase.co/rest/v1/pacientes?id=eq.None "HTTP/2 400 Bad Request"
2025-06-01 16:14:50,805 [ERROR] Erro ao atualizar as fotos iniciais: {'message': 'invalid input syntax for type uuid: "None"', 'code': '22P02', 'hint': None, 'details': None}
2025-06-01 16:14:50,807 [ERROR] Erro ao atualizar as fotos iniciais: {'message': 'invalid input syntax for type uuid: "None"', 'code': '22P02', 'hint': None, 'details': None}
2025-06-01 16:14:51,242 [INFO] HTTP Request: PATCH https://vlzpsyxwekggophcjbpu.supabase.co/rest/v1/pacientes?id=eq.None "HTTP/2 400 Bad Request"
2025-06-01 16:14:51,249 [ERROR] Erro ao atualizar as fotos iniciais: {'message': 'invalid input syntax for type uuid: "None"', 'code': '22P02', 'hint': None, 'details': None}
2025-06-01 16:15:37,247 [INFO] HTTP Request: GET https://vlzpsyxwekggophcjbpu.supabase.co/rest/v1/pacientes?select=id%2Cfoto "HTTP/2 200 OK"
2025-06-01 16:15:37,270 [INFO] Foram encontrados 3 pacientes na base de dados para atualização inicial.
2025-06-01 16:15:38,005 [INFO] HTTP Request: PATCH https://vlzpsyxwekggophcjbpu.supabase.co/rest/v1/pacientes?id=eq.None "HTTP/2 400 Bad Request"
2025-06-01 16:15:38,008 [ERROR] Erro ao atualizar as fotos iniciais: {'message': 'invalid input syntax for type uuid: "None"', 'code': '22P02', 'hint': None, 'details': None}
2025-06-01 16:16:26,198 [INFO] HTTP Request: GET https://vlzpsyxwekggophcjbpu.supabase.co/rest/v1/pacientes?select=id%2Cfoto "HTTP/2 200 OK"
2025-06-01 16:16:26,208 [INFO] Foram encontrados 3 pacientes na base de dados para atualização inicial.
2025-06-01 16:16:26,926 [INFO] HTTP Request: PATCH https://vlzpsyxwekggophcjbpu.supabase.co/rest/v1/pacientes?id=eq.None "HTTP/2 400 Bad Request"
2025-06-01 16:16:26,928 [ERROR] Erro ao atualizar as fotos iniciais: {'message': 'invalid input syntax for type uuid: "None"', 'code': '22P02', 'hint': None, 'details': None}
2025-06-01 16:16:33,907 [INFO] HTTP Request: GET https://vlzpsyxwekggophcjbpu.supabase.co/rest/v1/pacientes?select=id%2Cfoto "HTTP/2 200 OK"
2025-06-01 16:16:33,922 [INFO] Foram encontrados 3 pacientes na base de dados para atualização inicial.
2025-06-01 16:16:34,309 [INFO] HTTP Request: PATCH https://vlzpsyxwekggophcjbpu.supabase.co/rest/v1/pacientes?id=eq.None "HTTP/2 400 Bad Request"
2025-06-01 16:16:34,311 [ERROR] Erro ao atualizar as fotos iniciais: {'message': 'invalid input syntax for type uuid: "None"', 'code': '22P02', 'hint': None, 'details': None}
2025-06-01 16:16:37,162 [INFO] HTTP Request: DELETE https://vlzpsyxwekggophcjbpu.supabase.co/storage/v1/object/fotos-pacientes "HTTP/2 200 OK"
2025-06-01 16:16:37,165 [INFO] Arquivo antigo nova_foto/cvr 2.jpg removido antes do upload.
2025-06-01 16:16:39,651 [INFO] HTTP Request: POST https://vlzpsyxwekggophcjbpu.supabase.co/storage/v1/object/fotos-pacientes/nova_foto/cvr%202.jpg "HTTP/2 200 OK"
2025-06-01 16:16:39,654 [ERROR] Erro ao carregar foto cvr 2.jpg: string indices must be integers, not 'str'
2025-06-01 16:16:40,925 [INFO] HTTP Request: POST https://vlzpsyxwekggophcjbpu.supabase.co/rest/v1/pacientes "HTTP/2 201 Created"
2025-06-01 16:16:40,931 [INFO] Paciente vcx adicionado com sucesso.
2025-06-01 16:16:49,726 [INFO] HTTP Request: GET https://vlzpsyxwekggophcjbpu.supabase.co/rest/v1/pacientes?select=id%2Cfoto "HTTP/2 200 OK"
2025-06-01 16:16:49,735 [INFO] Foram encontrados 4 pacientes na base de dados para atualização inicial.
2025-06-01 16:16:50,119 [INFO] HTTP Request: PATCH https://vlzpsyxwekggophcjbpu.supabase.co/rest/v1/pacientes?id=eq.None "HTTP/2 400 Bad Request"
2025-06-01 16:16:50,123 [ERROR] Erro ao atualizar as fotos iniciais: {'message': 'invalid input syntax for type uuid: "None"', 'code': '22P02', 'hint': None, 'details': None}
2025-06-01 16:16:50,844 [INFO] HTTP Request: GET https://vlzpsyxwekggophcjbpu.supabase.co/rest/v1/pacientes?select=%2A "HTTP/2 200 OK"
2025-06-01 16:16:50,853 [INFO] 4 pacientes carregados para listagem.
2025-06-01 16:16:50,860 [ERROR] Erro ao listar pacientes: Error opening '["https://vlzpsyxwekggophcjbpu.supabase.co/storage/v1/object/public/fotos-pacientes/nova_foto/IMG_20170911_202318.JPG?"]'
2025-06-02 12:48:48,669 [INFO] HTTP Request: GET https://vlzpsyxwekggophcjbpu.supabase.co/rest/v1/pacientes?select=id%2Cfoto "HTTP/2 200 OK"
2025-06-02 12:48:48,755 [INFO] Foram encontrados 4 pacientes na base de dados para atualização inicial.
2025-06-02 12:48:49,575 [INFO] HTTP Request: PATCH https://vlzpsyxwekggophcjbpu.supabase.co/rest/v1/pacientes?id=eq.None "HTTP/2 400 Bad Request"
2025-06-02 12:48:49,580 [ERROR] Erro ao atualizar as fotos iniciais: {'message': 'invalid input syntax for type uuid: "None"', 'code': '22P02', 'hint': None, 'details': None}
2025-06-02 12:49:18,732 [INFO] HTTP Request: GET https://vlzpsyxwekggophcjbpu.supabase.co/rest/v1/pacientes?select=id%2Cfoto "HTTP/2 200 OK"
2025-06-02 12:49:18,742 [INFO] Foram encontrados 4 pacientes na base de dados para atualização inicial.
2025-06-02 12:49:19,464 [INFO] HTTP Request: PATCH https://vlzpsyxwekggophcjbpu.supabase.co/rest/v1/pacientes?id=eq.None "HTTP/2 400 Bad Request"
2025-06-02 12:49:19,467 [ERROR] Erro ao atualizar as fotos iniciais: {'message': 'invalid input syntax for type uuid: "None"', 'code': '22P02', 'hint': None, 'details': None}
2025-06-02 12:50:30,539 [INFO] HTTP Request: GET https://vlzpsyxwekggophcjbpu.supabase.co/rest/v1/pacientes?select=id%2Cfoto "HTTP/2 200 OK"
2025-06-02 12:50:30,660 [INFO] Foram encontrados 4 pacientes na base de dados para atualização inicial.
2025-06-02 12:50:31,567 [INFO] HTTP Request: PATCH https://vlzpsyxwekggophcjbpu.supabase.co/rest/v1/pacientes?id=eq.None "HTTP/2 400 Bad Request"
2025-06-02 12:50:31,570 [ERROR] Erro ao atualizar as fotos iniciais: {'message': 'invalid input syntax for type uuid: "None"', 'code': '22P02', 'hint': None, 'details': None}
2025-06-02 12:50:32,328 [INFO] HTTP Request: GET https://vlzpsyxwekggophcjbpu.supabase.co/rest/v1/pacientes?select=%2A "HTTP/2 200 OK"
2025-06-02 12:50:32,337 [INFO] 4 pacientes carregados para listagem.
2025-06-02 12:50:44,456 [ERROR] Erro ao listar pacientes: Error opening '["https://vlzpsyxwekggophcjbpu.supabase.co/storage/v1/object/public/fotos-pacientes/nova_foto/IMG_20170911_202318.JPG?"]'
2025-06-02 16:58:43,997 [INFO] HTTP Request: GET https://vlzpsyxwekggophcjbpu.supabase.co/rest/v1/pacientes?select=id%2Cfoto "HTTP/2 200 OK"
2025-06-02 16:58:44,049 [INFO] Foram encontrados 4 pacientes na base de dados para atualização inicial.
2025-06-02 16:58:44,817 [INFO] HTTP Request: PATCH https://vlzpsyxwekggophcjbpu.supabase.co/rest/v1/pacientes?id=eq.None "HTTP/2 400 Bad Request"
2025-06-02 16:58:44,821 [ERROR] Erro ao atualizar as fotos iniciais: {'message': 'invalid input syntax for type uuid: "None"', 'code': '22P02', 'hint': None, 'details': None}
2025-06-02 16:59:43,563 [INFO] HTTP Request: GET https://vlzpsyxwekggophcjbpu.supabase.co/rest/v1/pacientes?select=id%2Cfoto "HTTP/2 200 OK"
2025-06-02 16:59:43,574 [INFO] Foram encontrados 4 pacientes na base de dados para atualização inicial.
2025-06-02 16:59:44,306 [INFO] HTTP Request: PATCH https://vlzpsyxwekggophcjbpu.supabase.co/rest/v1/pacientes?id=eq.None "HTTP/2 400 Bad Request"
2025-06-02 16:59:44,318 [ERROR] Erro ao atualizar as fotos iniciais: {'message': 'invalid input syntax for type uuid: "None"', 'code': '22P02', 'hint': None, 'details': None}
2025-06-02 17:00:11,278 [INFO] HTTP Request: GET https://vlzpsyxwekggophcjbpu.supabase.co/rest/v1/pacientes?select=id%2Cfoto "HTTP/2 200 OK"
2025-06-02 17:00:11,292 [INFO] Foram encontrados 4 pacientes na base de dados para atualização inicial.
2025-06-02 17:00:12,095 [INFO] HTTP Request: PATCH https://vlzpsyxwekggophcjbpu.supabase.co/rest/v1/pacientes?id=eq.None "HTTP/2 400 Bad Request"
2025-06-02 17:00:12,167 [ERROR] Erro ao atualizar as fotos iniciais: {'message': 'invalid input syntax for type uuid: "None"', 'code': '22P02', 'hint': None, 'details': None}
2025-06-02 17:04:26,378 [INFO] HTTP Request: GET https://vlzpsyxwekggophcjbpu.supabase.co/rest/v1/pacientes?select=id%2Cfoto "HTTP/2 200 OK"
2025-06-02 17:04:26,393 [INFO] Foram encontrados 4 pacientes na base de dados para atualização inicial.
2025-06-02 17:04:27,136 [INFO] HTTP Request: PATCH https://vlzpsyxwekggophcjbpu.supabase.co/rest/v1/pacientes?id=eq.None "HTTP/2 400 Bad Request"
2025-06-02 17:04:27,138 [ERROR] Erro ao atualizar as fotos iniciais: {'message': 'invalid input syntax for type uuid: "None"', 'code': '22P02', 'hint': None, 'details': None}
2025-06-02 17:08:38,408 [INFO] HTTP Request: GET https://vlzpsyxwekggophcjbpu.supabase.co/rest/v1/pacientes?select=id%2Cfoto "HTTP/2 200 OK"
2025-06-02 17:08:38,418 [INFO] Foram encontrados 4 pacientes na base de dados para atualização inicial.
2025-06-02 17:08:38,864 [INFO] HTTP Request: PATCH https://vlzpsyxwekggophcjbpu.supabase.co/rest/v1/pacientes?id=eq.None "HTTP/2 400 Bad Request"
2025-06-02 17:08:38,867 [ERROR] Erro ao atualizar as fotos iniciais: {'message': 'invalid input syntax for type uuid: "None"', 'code': '22P02', 'hint': None, 'details': None}
2025-06-02 17:15:00,421 [INFO] HTTP Request: GET https://vlzpsyxwekggophcjbpu.supabase.co/rest/v1/pacientes?select=id%2Cfoto "HTTP/2 200 OK"
2025-06-02 17:15:00,436 [INFO] Foram encontrados 4 pacientes na base de dados para atualização inicial.
2025-06-02 17:15:01,155 [INFO] HTTP Request: PATCH https://vlzpsyxwekggophcjbpu.supabase.co/rest/v1/pacientes?id=eq.None "HTTP/2 400 Bad Request"
2025-06-02 17:15:01,157 [ERROR] Erro ao atualizar as fotos iniciais: {'message': 'invalid input syntax for type uuid: "None"', 'code': '22P02', 'hint': None, 'details': None}
2025-06-02 17:15:20,709 [INFO] HTTP Request: GET https://vlzpsyxwekggophcjbpu.supabase.co/rest/v1/pacientes?select=id%2Cfoto "HTTP/2 200 OK"
2025-06-02 17:15:20,718 [INFO] Foram encontrados 4 pacientes na base de dados para atualização inicial.
2025-06-02 17:15:21,498 [INFO] HTTP Request: PATCH https://vlzpsyxwekggophcjbpu.supabase.co/rest/v1/pacientes?id=eq.None "HTTP/2 400 Bad Request"
2025-06-02 17:15:21,500 [ERROR] Erro ao atualizar as fotos iniciais: {'message': 'invalid input syntax for type uuid: "None"', 'code': '22P02', 'hint': None, 'details': None}
2025-06-02 17:19:23,470 [INFO] HTTP Request: GET https://vlzpsyxwekggophcjbpu.supabase.co/rest/v1/pacientes?select=id%2Cfoto "HTTP/2 200 OK"
2025-06-02 17:19:23,485 [INFO] Foram encontrados 4 pacientes na base de dados para atualização inicial.
2025-06-02 17:19:24,209 [INFO] HTTP Request: PATCH https://vlzpsyxwekggophcjbpu.supabase.co/rest/v1/pacientes?id=eq.None "HTTP/2 400 Bad Request"
2025-06-02 17:19:24,213 [ERROR] Erro ao atualizar as fotos iniciais: {'message': 'invalid input syntax for type uuid: "None"', 'code': '22P02', 'hint': None, 'details': None}
2025-06-02 17:19:35,057 [INFO] HTTP Request: GET https://vlzpsyxwekggophcjbpu.supabase.co/rest/v1/pacientes?select=id%2Cfoto "HTTP/2 200 OK"
2025-06-02 17:19:35,066 [INFO] Foram encontrados 4 pacientes na base de dados para atualização inicial.
2025-06-02 17:19:35,455 [INFO] HTTP Request: PATCH https://vlzpsyxwekggophcjbpu.supabase.co/rest/v1/pacientes?id=eq.None "HTTP/2 400 Bad Request"
2025-06-02 17:19:35,459 [ERROR] Erro ao atualizar as fotos iniciais: {'message': 'invalid input syntax for type uuid: "None"', 'code': '22P02', 'hint': None, 'details': None}
2025-06-02 17:33:49,029 [INFO] HTTP Request: GET https://vlzpsyxwekggophcjbpu.supabase.co/rest/v1/pacientes?select=id%2Cfoto "HTTP/2 200 OK"
2025-06-02 17:33:49,044 [INFO] Foram encontrados 4 pacientes na base de dados para atualização inicial.
2025-06-02 17:33:49,800 [INFO] HTTP Request: PATCH https://vlzpsyxwekggophcjbpu.supabase.co/rest/v1/pacientes?id=eq.None "HTTP/2 400 Bad Request"
2025-06-02 17:33:49,802 [ERROR] Erro ao atualizar as fotos iniciais: {'message': 'invalid input syntax for type uuid: "None"', 'code': '22P02', 'hint': None, 'details': None}
2025-06-02 17:34:05,527 [INFO] HTTP Request: GET https://vlzpsyxwekggophcjbpu.supabase.co/rest/v1/pacientes?select=id%2Cfoto "HTTP/2 200 OK"
2025-06-02 17:34:05,536 [INFO] Foram encontrados 4 pacientes na base de dados para atualização inicial.
2025-06-02 17:34:06,267 [INFO] HTTP Request: PATCH https://vlzpsyxwekggophcjbpu.supabase.co/rest/v1/pacientes?id=eq.None "HTTP/2 400 Bad Request"
2025-06-02 17:34:06,270 [ERROR] Erro ao atualizar as fotos iniciais: {'message': 'invalid input syntax for type uuid: "None"', 'code': '22P02', 'hint': None, 'details': None}
2025-06-02 17:34:32,548 [INFO] HTTP Request: GET https://vlzpsyxwekggophcjbpu.supabase.co/rest/v1/pacientes?select=id%2Cfoto "HTTP/2 200 OK"
2025-06-02 17:34:32,563 [INFO] Foram encontrados 4 pacientes na base de dados para atualização inicial.
2025-06-02 17:34:33,261 [INFO] HTTP Request: PATCH https://vlzpsyxwekggophcjbpu.supabase.co/rest/v1/pacientes?id=eq.None "HTTP/2 400 Bad Request"
2025-06-02 17:34:33,264 [ERROR] Erro ao atualizar as fotos iniciais: {'message': 'invalid input syntax for type uuid: "None"', 'code': '22P02', 'hint': None, 'details': None}
2025-06-02 17:34:42,345 [INFO] HTTP Request: GET https://vlzpsyxwekggophcjbpu.supabase.co/rest/v1/pacientes?select=id%2Cfoto "HTTP/2 200 OK"
2025-06-02 17:34:42,354 [INFO] Foram encontrados 4 pacientes na base de dados para atualização inicial.
2025-06-02 17:34:43,069 [INFO] HTTP Request: PATCH https://vlzpsyxwekggophcjbpu.supabase.co/rest/v1/pacientes?id=eq.None "HTTP/2 400 Bad Request"
2025-06-02 17:34:43,071 [ERROR] Erro ao atualizar as fotos iniciais: {'message': 'invalid input syntax for type uuid: "None"', 'code': '22P02', 'hint': None, 'details': None}
2025-06-02 17:37:34,234 [ERROR] Erro ao atualizar as fotos iniciais: [WinError 10060] A connection attempt failed because the connected party did not properly respond after a period of time, or established connection failed because connected host has failed to respond
2025-06-02 17:38:50,347 [ERROR] Erro ao atualizar as fotos iniciais: [WinError 10060] A connection attempt failed because the connected party did not properly respond after a period of time, or established connection failed because connected host has failed to respond
2025-06-02 17:40:22,951 [ERROR] Erro ao atualizar as fotos iniciais: [WinError 10060] A connection attempt failed because the connected party did not properly respond after a period of time, or established connection failed because connected host has failed to respond
2025-06-02 18:03:01,778 [INFO] HTTP Request: GET https://vlzpsyxwekggophcjbpu.supabase.co/rest/v1/pacientes?select=id%2Cfoto "HTTP/2 200 OK"
2025-06-02 18:03:01,839 [INFO] Foram encontrados 4 pacientes na base de dados para atualização inicial.
2025-06-02 18:03:02,606 [INFO] HTTP Request: PATCH https://vlzpsyxwekggophcjbpu.supabase.co/rest/v1/pacientes?id=eq.None "HTTP/2 400 Bad Request"
2025-06-02 18:03:02,610 [ERROR] Erro ao atualizar as fotos iniciais: {'message': 'invalid input syntax for type uuid: "None"', 'code': '22P02', 'hint': None, 'details': None}
2025-06-02 18:05:34,016 [INFO] HTTP Request: GET https://vlzpsyxwekggophcjbpu.supabase.co/rest/v1/pacientes?select=id%2Cfoto "HTTP/2 200 OK"
2025-06-02 18:05:34,026 [INFO] Foram encontrados 4 pacientes na base de dados para atualização inicial.
2025-06-02 18:05:34,770 [INFO] HTTP Request: PATCH https://vlzpsyxwekggophcjbpu.supabase.co/rest/v1/pacientes?id=eq.None "HTTP/2 400 Bad Request"
2025-06-02 18:05:34,773 [ERROR] Erro ao atualizar as fotos iniciais: {'message': 'invalid input syntax for type uuid: "None"', 'code': '22P02', 'hint': None, 'details': None}
2025-06-02 18:45:07,536 [INFO] HTTP Request: GET https://vlzpsyxwekggophcjbpu.supabase.co/rest/v1/pacientes?select=id%2Cfoto "HTTP/2 200 OK"
2025-06-02 18:45:07,729 [INFO] Foram encontrados 4 pacientes na base de dados para atualização inicial.
2025-06-02 18:45:08,512 [INFO] HTTP Request: PATCH https://vlzpsyxwekggophcjbpu.supabase.co/rest/v1/pacientes?id=eq.None "HTTP/2 400 Bad Request"
2025-06-02 18:45:08,516 [ERROR] Erro ao atualizar as fotos iniciais: {'message': 'invalid input syntax for type uuid: "None"', 'code': '22P02', 'hint': None, 'details': None}
2025-06-02 23:00:50,120 [INFO] HTTP Request: GET https://vlzpsyxwekggophcjbpu.supabase.co/rest/v1/pacientes?select=id%2Cfoto "HTTP/2 200 OK"
2025-06-02 23:00:50,288 [INFO] Foram encontrados 4 pacientes na base de dados para atualização inicial.
2025-06-02 23:00:50,731 [INFO] HTTP Request: PATCH https://vlzpsyxwekggophcjbpu.supabase.co/rest/v1/pacientes?id=eq.None "HTTP/2 400 Bad Request"
2025-06-02 23:00:50,735 [ERROR] Erro ao atualizar as fotos iniciais: {'message': 'invalid input syntax for type uuid: "None"', 'code': '22P02', 'hint': None, 'details': None}
2025-06-02 23:02:06,079 [INFO] HTTP Request: GET https://vlzpsyxwekggophcjbpu.supabase.co/rest/v1/pacientes?select=id%2Cfoto "HTTP/2 200 OK"
2025-06-02 23:02:06,089 [INFO] Foram encontrados 4 pacientes na base de dados para atualização inicial.
2025-06-02 23:02:06,792 [INFO] HTTP Request: PATCH https://vlzpsyxwekggophcjbpu.supabase.co/rest/v1/pacientes?id=eq.None "HTTP/2 400 Bad Request"
2025-06-02 23:02:06,794 [ERROR] Erro ao atualizar as fotos iniciais: {'message': 'invalid input syntax for type uuid: "None"', 'code': '22P02', 'hint': None, 'details': None}
2025-06-02 23:50:31,037 [INFO] HTTP Request: GET https://vlzpsyxwekggophcjbpu.supabase.co/rest/v1/pacientes?select=id%2Cfoto "HTTP/2 200 OK"
2025-06-02 23:50:31,180 [INFO] Foram encontrados 4 pacientes na base de dados para atualização inicial.
2025-06-02 23:50:32,010 [INFO] HTTP Request: PATCH https://vlzpsyxwekggophcjbpu.supabase.co/rest/v1/pacientes?id=eq.None "HTTP/2 400 Bad Request"
2025-06-02 23:50:32,127 [ERROR] Erro ao atualizar as fotos iniciais: {'message': 'invalid input syntax for type uuid: "None"', 'code': '22P02', 'hint': None, 'details': None}
2025-06-03 00:56:58,135 [INFO] HTTP Request: GET https://vlzpsyxwekggophcjbpu.supabase.co/rest/v1/pacientes?select=%2A "HTTP/2 200 OK"
2025-06-03 00:57:29,552 [INFO] HTTP Request: GET https://vlzpsyxwekggophcjbpu.supabase.co/rest/v1/consultas?select=%2A "HTTP/2 404 Not Found"
2025-06-03 00:57:59,989 [INFO] HTTP Request: GET https://vlzpsyxwekggophcjbpu.supabase.co/rest/v1/pacientes?select=%2A "HTTP/2 200 OK"
2025-06-03 01:01:00,397 [INFO] HTTP Request: GET https://vlzpsyxwekggophcjbpu.supabase.co/rest/v1/consultas?select=%2A "HTTP/2 404 Not Found"
2025-06-03 01:05:00,410 [INFO] HTTP Request: GET https://vlzpsyxwekggophcjbpu.supabase.co/rest/v1/consultas?select=%2A "HTTP/2 200 OK"
2025-06-03 01:05:16,101 [INFO] HTTP Request: GET https://vlzpsyxwekggophcjbpu.supabase.co/rest/v1/pacientes?select=%2A "HTTP/2 200 OK"
2025-06-03 01:28:32,551 [INFO] HTTP Request: GET https://vlzpsyxwekggophcjbpu.supabase.co/rest/v1/consultas?select=%2A "HTTP/2 200 OK"
2025-06-03 01:29:07,646 [INFO] HTTP Request: POST https://vlzpsyxwekggophcjbpu.supabase.co/rest/v1/consultas "HTTP/2 401 Unauthorized"
2025-06-03 01:35:13,168 [INFO] HTTP Request: GET https://vlzpsyxwekggophcjbpu.supabase.co/rest/v1/pacientes?select=%2A "HTTP/2 200 OK"
2025-06-03 01:35:20,394 [INFO] HTTP Request: GET https://vlzpsyxwekggophcjbpu.supabase.co/rest/v1/consultas?select=%2A "HTTP/2 200 OK"
2025-06-03 01:36:08,547 [INFO] HTTP Request: POST https://vlzpsyxwekggophcjbpu.supabase.co/rest/v1/consultas "HTTP/2 201 Created"
2025-06-03 01:36:58,481 [INFO] HTTP Request: POST https://vlzpsyxwekggophcjbpu.supabase.co/rest/v1/consultas "HTTP/2 201 Created"
2025-06-03 02:47:36,458 [INFO] HTTP Request: POST https://vlzpsyxwekggophcjbpu.supabase.co/rest/v1/users "HTTP/2 404 Not Found"
2025-06-04 17:29:52,386 [INFO] HTTP Request: POST https://vlzpsyxwekggophcjbpu.supabase.co/rest/v1/users "HTTP/2 404 Not Found"
2025-06-04 17:40:00,013 [INFO] HTTP Request: POST https://vlzpsyxwekggophcjbpu.supabase.co/rest/v1/usuarios "HTTP/2 401 Unauthorized"
2025-06-04 18:16:39,749 [INFO] HTTP Request: POST https://vlzpsyxwekggophcjbpu.supabase.co/auth/v1/signup "HTTP/2 422 Unprocessable Entity"
2025-06-04 18:17:26,715 [INFO] HTTP Request: POST https://vlzpsyxwekggophcjbpu.supabase.co/auth/v1/signup "HTTP/2 200 OK"
2025-06-04 18:17:42,905 [INFO] HTTP Request: POST https://vlzpsyxwekggophcjbpu.supabase.co/auth/v1/token?grant_type=password "HTTP/2 400 Bad Request"
2025-06-04 18:19:04,944 [INFO] HTTP Request: POST https://vlzpsyxwekggophcjbpu.supabase.co/auth/v1/signup "HTTP/2 200 OK"
2025-06-04 18:19:25,129 [INFO] HTTP Request: POST https://vlzpsyxwekggophcjbpu.supabase.co/auth/v1/token?grant_type=password "HTTP/2 400 Bad Request"
2025-06-04 18:26:09,633 [INFO] HTTP Request: POST https://vlzpsyxwekggophcjbpu.supabase.co/auth/v1/signup "HTTP/2 200 OK"
2025-06-04 18:26:24,617 [INFO] HTTP Request: POST https://vlzpsyxwekggophcjbpu.supabase.co/auth/v1/token?grant_type=password "HTTP/2 400 Bad Request"
2025-06-04 18:46:12,262 [INFO] HTTP Request: POST https://vlzpsyxwekggophcjbpu.supabase.co/auth/v1/signup "HTTP/2 400 Bad Request"
2025-06-04 18:46:35,075 [INFO] HTTP Request: POST https://vlzpsyxwekggophcjbpu.supabase.co/auth/v1/signup "HTTP/2 400 Bad Request"
2025-06-04 18:47:58,434 [INFO] HTTP Request: POST https://vlzpsyxwekggophcjbpu.supabase.co/auth/v1/signup "HTTP/2 400 Bad Request"
2025-06-04 18:48:16,305 [INFO] HTTP Request: POST https://vlzpsyxwekggophcjbpu.supabase.co/auth/v1/signup "HTTP/2 400 Bad Request"
2025-06-04 19:11:29,792 [INFO] HTTP Request: GET https://vlzpsyxwekggophcjbpu.supabase.co/rest/v1/usuarios?select=id&email=eq.oii%40gmail.cozm "HTTP/2 200 OK"
2025-06-04 19:11:32,693 [INFO] HTTP Request: POST https://vlzpsyxwekggophcjbpu.supabase.co/rest/v1/usuarios "HTTP/2 401 Unauthorized"
2025-06-04 19:11:32,787 [ERROR] Erro ao registar: {'message': 'new row violates row-level security policy for table "usuarios"', 'code': '42501', 'hint': None, 'details': None}
2025-06-04 19:11:52,401 [INFO] HTTP Request: GET https://vlzpsyxwekggophcjbpu.supabase.co/rest/v1/usuarios?select=id&email=eq.zmii%40gmail.cozm "HTTP/2 200 OK"
2025-06-04 19:11:54,472 [INFO] HTTP Request: POST https://vlzpsyxwekggophcjbpu.supabase.co/rest/v1/usuarios "HTTP/2 401 Unauthorized"
2025-06-04 19:11:54,499 [ERROR] Erro ao registar: {'message': 'new row violates row-level security policy for table "usuarios"', 'code': '42501', 'hint': None, 'details': None}
2025-06-04 19:12:22,047 [INFO] HTTP Request: GET https://vlzpsyxwekggophcjbpu.supabase.co/rest/v1/usuarios?select=id&email=eq.zmii%40gmail.com "HTTP/2 200 OK"
2025-06-04 19:12:24,338 [INFO] HTTP Request: POST https://vlzpsyxwekggophcjbpu.supabase.co/rest/v1/usuarios "HTTP/2 401 Unauthorized"
2025-06-04 19:12:24,341 [ERROR] Erro ao registar: {'message': 'new row violates row-level security policy for table "usuarios"', 'code': '42501', 'hint': None, 'details': None}
2025-06-04 19:25:01,066 [INFO] HTTP Request: GET https://vlzpsyxwekggophcjbpu.supabase.co/rest/v1/usuarios?select=id&email=eq.ppllkk%40gmail.com "HTTP/2 200 OK"
2025-06-04 19:25:03,225 [INFO] HTTP Request: POST https://vlzpsyxwekggophcjbpu.supabase.co/rest/v1/usuarios "HTTP/2 401 Unauthorized"
2025-06-04 19:25:03,228 [ERROR] Erro ao registar: {'message': 'new row violates row-level security policy for table "usuarios"', 'code': '42501', 'hint': None, 'details': None}
2025-06-04 22:28:58,623 [INFO] HTTP Request: GET https://vlzpsyxwekggophcjbpu.supabase.co/rest/v1/produtos?select=%2A "HTTP/2 200 OK"
2025-06-04 22:31:11,731 [INFO] HTTP Request: GET https://vlzpsyxwekggophcjbpu.supabase.co/rest/v1/contabilidade?select=%2A&data_emissao=gte.2025-01-01&data_emissao=lte.2025-06-04 "HTTP/2 200 OK"
2025-06-04 22:31:19,892 [INFO] HTTP Request: GET https://vlzpsyxwekggophcjbpu.supabase.co/rest/v1/contabilidade?select=%2A "HTTP/2 200 OK"
2025-06-04 22:43:53,150 [INFO] HTTP Request: GET https://vlzpsyxwekggophcjbpu.supabase.co/rest/v1/produtos?select=%2A "HTTP/2 200 OK"
2025-06-04 22:46:59,971 [INFO] HTTP Request: GET https://vlzpsyxwekggophcjbpu.supabase.co/rest/v1/carrinho?select=%2A "HTTP/2 200 OK"
2025-06-04 22:58:19,103 [INFO] HTTP Request: GET https://vlzpsyxwekggophcjbpu.supabase.co/rest/v1/produtos?select=%2A "HTTP/2 200 OK"
2025-06-04 23:01:08,078 [INFO] HTTP Request: GET https://vlzpsyxwekggophcjbpu.supabase.co/rest/v1/recibos?select=%2A&limit=1 "HTTP/2 200 OK"
2025-06-04 23:01:08,891 [INFO] HTTP Request: POST https://vlzpsyxwekggophcjbpu.supabase.co/rest/v1/recibos "HTTP/2 401 Unauthorized"
2025-06-05 17:43:46,598 [INFO] HTTP Request: GET https://vlzpsyxwekggophcjbpu.supabase.co/rest/v1/recibos?select=%2A&limit=1 "HTTP/2 200 OK"
2025-06-05 17:43:47,440 [INFO] HTTP Request: POST https://vlzpsyxwekggophcjbpu.supabase.co/rest/v1/recibos "HTTP/2 401 Unauthorized"
2025-06-05 17:56:03,164 [INFO] HTTP Request: GET https://vlzpsyxwekggophcjbpu.supabase.co/rest/v1/recibos?select=%2A&limit=1 "HTTP/2 200 OK"
2025-06-05 17:56:03,891 [INFO] HTTP Request: PATCH https://vlzpsyxwekggophcjbpu.supabase.co/rest/v1/recibos?id=eq.1 "HTTP/2 200 OK"
2025-06-05 18:00:41,868 [INFO] HTTP Request: GET https://vlzpsyxwekggophcjbpu.supabase.co/rest/v1/recibos?select=%2A&limit=1 "HTTP/2 200 OK"
2025-06-05 18:00:42,817 [INFO] HTTP Request: PATCH https://vlzpsyxwekggophcjbpu.supabase.co/rest/v1/recibos?id=eq.1 "HTTP/2 200 OK"
2025-06-05 18:02:37,705 [INFO] HTTP Request: GET https://vlzpsyxwekggophcjbpu.supabase.co/rest/v1/recibos?select=%2A&limit=1 "HTTP/2 200 OK"
2025-06-05 18:02:38,446 [INFO] HTTP Request: PATCH https://vlzpsyxwekggophcjbpu.supabase.co/rest/v1/recibos?id=eq.1 "HTTP/2 200 OK"
2025-06-05 18:02:41,563 [INFO] HTTP Request: POST https://vlzpsyxwekggophcjbpu.supabase.co/rest/v1/contabilidade "HTTP/2 401 Unauthorized"
2025-06-05 18:15:28,028 [INFO] HTTP Request: GET https://vlzpsyxwekggophcjbpu.supabase.co/rest/v1/recibos?select=%2A&limit=1 "HTTP/2 200 OK"
2025-06-05 18:15:28,837 [INFO] HTTP Request: PATCH https://vlzpsyxwekggophcjbpu.supabase.co/rest/v1/recibos?id=eq.1 "HTTP/2 200 OK"
2025-06-05 18:15:31,385 [INFO] HTTP Request: POST https://vlzpsyxwekggophcjbpu.supabase.co/rest/v1/contabilidade "HTTP/2 401 Unauthorized"
2025-06-05 18:54:19,871 [INFO] HTTP Request: GET https://vlzpsyxwekggophcjbpu.supabase.co/rest/v1/recibos?select=%2A&limit=1 "HTTP/2 200 OK"
2025-06-05 18:54:20,603 [INFO] HTTP Request: PATCH https://vlzpsyxwekggophcjbpu.supabase.co/rest/v1/recibos?id=eq.1 "HTTP/2 200 OK"
2025-06-05 18:54:22,690 [INFO] HTTP Request: POST https://vlzpsyxwekggophcjbpu.supabase.co/rest/v1/contabilidade "HTTP/2 401 Unauthorized"
2025-06-05 18:58:46,090 [INFO] HTTP Request: GET https://vlzpsyxwekggophcjbpu.supabase.co/rest/v1/recibos?select=%2A&limit=1 "HTTP/2 200 OK"
2025-06-05 18:58:46,505 [INFO] HTTP Request: PATCH https://vlzpsyxwekggophcjbpu.supabase.co/rest/v1/recibos?id=eq.1 "HTTP/2 200 OK"
2025-06-05 18:58:48,391 [INFO] HTTP Request: POST https://vlzpsyxwekggophcjbpu.supabase.co/rest/v1/contabilidade "HTTP/2 401 Unauthorized"
2025-06-10 22:39:22,490 [INFO] HTTP Request: POST https://unvvrnovucylznxzuuip.supabase.co/auth/v1/token?grant_type=password "HTTP/2 200 OK"
2025-06-10 22:43:00,067 [INFO] HTTP Request: POST https://unvvrnovucylznxzuuip.supabase.co/auth/v1/token?grant_type=password "HTTP/2 200 OK"
2025-06-10 22:43:20,537 [INFO] HTTP Request: GET https://unvvrnovucylznxzuuip.supabase.co/rest/v1/pacientes?select=%2A "HTTP/2 200 OK"
2025-06-10 22:43:38,538 [INFO] HTTP Request: GET https://unvvrnovucylznxzuuip.supabase.co/rest/v1/pacientes?select=%2A "HTTP/2 200 OK"
2025-06-10 22:44:04,377 [INFO] HTTP Request: GET https://unvvrnovucylznxzuuip.supabase.co/rest/v1/pacientes?select=%2A "HTTP/2 200 OK"
2025-06-10 22:44:11,638 [INFO] HTTP Request: GET https://unvvrnovucylznxzuuip.supabase.co/rest/v1/pacientes?select=%2A "HTTP/2 200 OK"
2025-06-10 22:44:16,938 [INFO] HTTP Request: GET https://unvvrnovucylznxzuuip.supabase.co/rest/v1/consultas?select=%2A "HTTP/2 200 OK"
2025-06-10 22:44:27,416 [INFO] HTTP Request: GET https://unvvrnovucylznxzuuip.supabase.co/rest/v1/consultas?select=%2A "HTTP/2 200 OK"
2025-06-10 22:45:03,595 [INFO] HTTP Request: POST https://unvvrnovucylznxzuuip.supabase.co/rest/v1/pacientes_entrada "HTTP/2 201 Created"
2025-06-10 22:45:23,736 [INFO] HTTP Request: POST https://unvvrnovucylznxzuuip.supabase.co/rest/v1/pacientes_entrada "HTTP/2 201 Created"
2025-06-10 22:45:42,187 [INFO] HTTP Request: GET https://unvvrnovucylznxzuuip.supabase.co/rest/v1/pacientes_entrada?select=%2A&user_id=eq.3858882b-6804-4918-b377-fb62e7475fad&nome=ilike.%rew%&order=data_entrada.desc "HTTP/2 500 Internal Server Error"
2025-06-10 22:45:42,397 [ERROR] Erro inesperado ao consultar histórico: {'message': 'JSON could not be generated', 'code': 500, 'hint': 'Refer to full message for details', 'details': 'b\'<!DOCTYPE html>\\n<!--[if lt IE 7]> <html class="no-js ie6 oldie" lang="en-US"> <![endif]-->\\n<!--[if IE 7]>    <html class="no-js ie7 oldie" lang="en-US"> <![endif]-->\\n<!--[if IE 8]>    <html class="no-js ie8 oldie" lang="en-US"> <![endif]-->\\n<!--[if gt IE 8]><!--> <html class="no-js" lang="en-US"> <!--<![endif]-->\\n<head>\\n<title>Worker threw exception | unvvrnovucylznxzuuip.supabase.co | Cloudflare</title>\\n<meta charset="UTF-8" />\\n<meta http-equiv="Content-Type" content="text/html; charset=UTF-8" />\\n<meta http-equiv="X-UA-Compatible" content="IE=Edge" />\\n<meta name="robots" content="noindex, nofollow" />\\n<meta name="viewport" content="width=device-width,initial-scale=1" />\\n<link rel="stylesheet" id="cf_styles-css" href="/cdn-cgi/styles/cf.errors.css" />\\n<!--[if lt IE 9]><link rel="stylesheet" id=\\\'cf_styles-ie-css\\\' href="/cdn-cgi/styles/cf.errors.ie.css" /><![endif]-->\\n<style>body{margin:0;padding:0}</style>\\n\\n\\n<!--[if gte IE 10]><!-->\\n<script>\\n  if (!navigator.cookieEnabled) {\\n    window.addEventListener(\\\'DOMContentLoaded\\\', function () {\\n      var cookieEl = document.getElementById(\\\'cookie-alert\\\');\\n      cookieEl.style.display = \\\'block\\\';\\n    })\\n  }\\n</script>\\n<!--<![endif]-->\\n\\n\\n</head>\\n<body>\\n  <div id="cf-wrapper">\\n    <div class="cf-alert cf-alert-error cf-cookie-error" id="cookie-alert" data-translate="enable_cookies">Please enable cookies.</div>\\n    <div id="cf-error-details" class="cf-error-details-wrapper">\\n      <div class="cf-wrapper cf-header cf-error-overview">\\n        <h1>\\n          <span class="cf-error-type" data-translate="error">Error</span>\\n          <span class="cf-error-code">1101</span>\\n          <small class="heading-ray-id">Ray ID: 94dbb6bfef3c892a &bull; 2025-06-10 20:45:41 UTC</small>\\n        </h1>\\n        <h2 class="cf-subheadline" data-translate="error_desc">Worker threw exception</h2>\\n      </div><!-- /.header -->\\n\\n      <section></section><!-- spacer -->\\n\\n      <div class="cf-section cf-wrapper">\\n        <div class="cf-columns two">\\n          <div class="cf-column">\\n            <h2 data-translate="what_happened">What happened?</h2>\\n            <p>You\\\'ve requested a page on a website (unvvrnovucylznxzuuip.supabase.co) that is on the <a href="https://www.cloudflare.com/5xx-error-landing/" target="_blank">Cloudflare</a> network. An unknown error occurred while rendering the page.</p>\\n          </div>\\n\\n          \\n          <div class="cf-column">\\n            <h2 data-translate="what_can_i_do">What can I do?</h2>\\n            <p><strong>If you are the owner of this website:</strong><br />refer to <a href="https://developers.cloudflare.com/workers/observability/errors/" target="_blank">Workers - Errors and Exceptions</a> and check Workers Logs for unvvrnovucylznxzuuip.supabase.co.</p>\\n          </div>\\n          \\n        </div>\\n      </div><!-- /.section -->\\n\\n      <div class="cf-error-footer cf-wrapper w-240 lg:w-full py-10 sm:py-4 sm:px-8 mx-auto text-center sm:text-left border-solid border-0 border-t border-gray-300">\\n  <p class="text-13">\\n    <span class="cf-footer-item sm:block sm:mb-1">Cloudflare Ray ID: <strong class="font-semibold">94dbb6bfef3c892a</strong></span>\\n    <span class="cf-footer-separator sm:hidden">&bull;</span>\\n    <span id="cf-footer-item-ip" class="cf-footer-item hidden sm:block sm:mb-1">\\n      Your IP:\\n      <button type="button" id="cf-footer-ip-reveal" class="cf-footer-ip-reveal-btn">Click to reveal</button>\\n      <span class="hidden" id="cf-footer-ip">197.218.118.183</span>\\n      <span class="cf-footer-separator sm:hidden">&bull;</span>\\n    </span>\\n    <span class="cf-footer-item sm:block sm:mb-1"><span>Performance &amp; security by</span> <a rel="noopener noreferrer" href="https://www.cloudflare.com/5xx-error-landing" id="brand_link" target="_blank">Cloudflare</a></span>\\n    \\n  </p>\\n  <script>(function(){function d(){var b=a.getElementById("cf-footer-item-ip"),c=a.getElementById("cf-footer-ip-reveal");b&&"classList"in b&&(b.classList.remove("hidden"),c.addEventListener("click",function(){c.classList.add("hidden");a.getElementById("cf-footer-ip").classList.remove("hidden")}))}var a=document;document.addEventListener&&a.addEventListener("DOMContentLoaded",d)})();</script>\\n</div><!-- /.error-footer -->\\n\\n\\n    </div><!-- /#cf-error-details -->\\n  </div><!-- /#cf-wrapper -->\\n\\n  <script>\\n  window._cf_translation = {};\\n  \\n  \\n</script>\\n\\n</body>\\n</html>\\n\''}
2025-06-10 23:39:37,436 [INFO] HTTP Request: POST https://unvvrnovucylznxzuuip.supabase.co/auth/v1/token?grant_type=refresh_token "HTTP/2 200 OK"
2025-06-10 23:39:39,466 [INFO] HTTP Request: POST https://unvvrnovucylznxzuuip.supabase.co/auth/v1/token?grant_type=refresh_token "HTTP/2 200 OK"
2025-06-10 23:41:08,568 [INFO] HTTP Request: POST https://unvvrnovucylznxzuuip.supabase.co/auth/v1/token?grant_type=password "HTTP/2 200 OK"
2025-06-10 23:41:49,149 [INFO] HTTP Request: POST https://unvvrnovucylznxzuuip.supabase.co/rest/v1/pacientes_entrada "HTTP/2 201 Created"
2025-06-10 23:42:05,881 [INFO] HTTP Request: GET https://unvvrnovucylznxzuuip.supabase.co/rest/v1/pacientes_entrada?select=%2A&user_id=eq.3858882b-6804-4918-b377-fb62e7475fad&nome=ilike.%po%&order=data_entrada.desc "HTTP/2 500 Internal Server Error"
2025-06-10 23:42:05,944 [ERROR] Erro inesperado ao consultar histórico: {'message': 'JSON could not be generated', 'code': 500, 'hint': 'Refer to full message for details', 'details': 'b\'<!DOCTYPE html>\\n<!--[if lt IE 7]> <html class="no-js ie6 oldie" lang="en-US"> <![endif]-->\\n<!--[if IE 7]>    <html class="no-js ie7 oldie" lang="en-US"> <![endif]-->\\n<!--[if IE 8]>    <html class="no-js ie8 oldie" lang="en-US"> <![endif]-->\\n<!--[if gt IE 8]><!--> <html class="no-js" lang="en-US"> <!--<![endif]-->\\n<head>\\n<title>Worker threw exception | unvvrnovucylznxzuuip.supabase.co | Cloudflare</title>\\n<meta charset="UTF-8" />\\n<meta http-equiv="Content-Type" content="text/html; charset=UTF-8" />\\n<meta http-equiv="X-UA-Compatible" content="IE=Edge" />\\n<meta name="robots" content="noindex, nofollow" />\\n<meta name="viewport" content="width=device-width,initial-scale=1" />\\n<link rel="stylesheet" id="cf_styles-css" href="/cdn-cgi/styles/cf.errors.css" />\\n<!--[if lt IE 9]><link rel="stylesheet" id=\\\'cf_styles-ie-css\\\' href="/cdn-cgi/styles/cf.errors.ie.css" /><![endif]-->\\n<style>body{margin:0;padding:0}</style>\\n\\n\\n<!--[if gte IE 10]><!-->\\n<script>\\n  if (!navigator.cookieEnabled) {\\n    window.addEventListener(\\\'DOMContentLoaded\\\', function () {\\n      var cookieEl = document.getElementById(\\\'cookie-alert\\\');\\n      cookieEl.style.display = \\\'block\\\';\\n    })\\n  }\\n</script>\\n<!--<![endif]-->\\n\\n\\n</head>\\n<body>\\n  <div id="cf-wrapper">\\n    <div class="cf-alert cf-alert-error cf-cookie-error" id="cookie-alert" data-translate="enable_cookies">Please enable cookies.</div>\\n    <div id="cf-error-details" class="cf-error-details-wrapper">\\n      <div class="cf-wrapper cf-header cf-error-overview">\\n        <h1>\\n          <span class="cf-error-type" data-translate="error">Error</span>\\n          <span class="cf-error-code">1101</span>\\n          <small class="heading-ray-id">Ray ID: 94dc095c6ab69db6 &bull; 2025-06-10 21:42:05 UTC</small>\\n        </h1>\\n        <h2 class="cf-subheadline" data-translate="error_desc">Worker threw exception</h2>\\n      </div><!-- /.header -->\\n\\n      <section></section><!-- spacer -->\\n\\n      <div class="cf-section cf-wrapper">\\n        <div class="cf-columns two">\\n          <div class="cf-column">\\n            <h2 data-translate="what_happened">What happened?</h2>\\n            <p>You\\\'ve requested a page on a website (unvvrnovucylznxzuuip.supabase.co) that is on the <a href="https://www.cloudflare.com/5xx-error-landing/" target="_blank">Cloudflare</a> network. An unknown error occurred while rendering the page.</p>\\n          </div>\\n\\n          \\n          <div class="cf-column">\\n            <h2 data-translate="what_can_i_do">What can I do?</h2>\\n            <p><strong>If you are the owner of this website:</strong><br />refer to <a href="https://developers.cloudflare.com/workers/observability/errors/" target="_blank">Workers - Errors and Exceptions</a> and check Workers Logs for unvvrnovucylznxzuuip.supabase.co.</p>\\n          </div>\\n          \\n        </div>\\n      </div><!-- /.section -->\\n\\n      <div class="cf-error-footer cf-wrapper w-240 lg:w-full py-10 sm:py-4 sm:px-8 mx-auto text-center sm:text-left border-solid border-0 border-t border-gray-300">\\n  <p class="text-13">\\n    <span class="cf-footer-item sm:block sm:mb-1">Cloudflare Ray ID: <strong class="font-semibold">94dc095c6ab69db6</strong></span>\\n    <span class="cf-footer-separator sm:hidden">&bull;</span>\\n    <span id="cf-footer-item-ip" class="cf-footer-item hidden sm:block sm:mb-1">\\n      Your IP:\\n      <button type="button" id="cf-footer-ip-reveal" class="cf-footer-ip-reveal-btn">Click to reveal</button>\\n      <span class="hidden" id="cf-footer-ip">197.218.118.183</span>\\n      <span class="cf-footer-separator sm:hidden">&bull;</span>\\n    </span>\\n    <span class="cf-footer-item sm:block sm:mb-1"><span>Performance &amp; security by</span> <a rel="noopener noreferrer" href="https://www.cloudflare.com/5xx-error-landing" id="brand_link" target="_blank">Cloudflare</a></span>\\n    \\n  </p>\\n  <script>(function(){function d(){var b=a.getElementById("cf-footer-item-ip"),c=a.getElementById("cf-footer-ip-reveal");b&&"classList"in b&&(b.classList.remove("hidden"),c.addEventListener("click",function(){c.classList.add("hidden");a.getElementById("cf-footer-ip").classList.remove("hidden")}))}var a=document;document.addEventListener&&a.addEventListener("DOMContentLoaded",d)})();</script>\\n</div><!-- /.error-footer -->\\n\\n\\n    </div><!-- /#cf-error-details -->\\n  </div><!-- /#cf-wrapper -->\\n\\n  <script>\\n  window._cf_translation = {};\\n  \\n  \\n</script>\\n\\n</body>\\n</html>\\n\''}
2025-06-10 23:42:50,391 [INFO] HTTP Request: POST https://unvvrnovucylznxzuuip.supabase.co/auth/v1/token?grant_type=refresh_token "HTTP/2 200 OK"
2025-06-10 23:42:51,177 [INFO] HTTP Request: POST https://unvvrnovucylznxzuuip.supabase.co/auth/v1/token?grant_type=refresh_token "HTTP/2 200 OK"
2025-06-10 23:45:49,224 [INFO] HTTP Request: GET https://unvvrnovucylznxzuuip.supabase.co/rest/v1/produtos?select=%2A "HTTP/2 200 OK"
2025-06-10 23:46:55,347 [INFO] HTTP Request: GET https://unvvrnovucylznxzuuip.supabase.co/rest/v1/recibos?select=ultimo_num&id=eq.1 "HTTP/2 200 OK"
2025-06-10 23:46:56,096 [INFO] HTTP Request: PATCH https://unvvrnovucylznxzuuip.supabase.co/rest/v1/recibos?id=eq.1 "HTTP/2 200 OK"
2025-06-10 23:47:02,668 [INFO] HTTP Request: POST https://unvvrnovucylznxzuuip.supabase.co/storage/v1/object/recibos_vendas/recibo_1014_Lucas_Salpt.pdf "HTTP/2 400 Bad Request"
2025-06-10 23:47:02,720 [ERROR] Erro ao salvar PDF no Supabase Storage: {'statusCode': 404, 'error': Bucket not found, 'message': Bucket not found}
2025-06-10 23:47:04,162 [INFO] HTTP Request: POST https://unvvrnovucylznxzuuip.supabase.co/rest/v1/contabilidade "HTTP/2 400 Bad Request"
2025-06-10 23:47:04,510 [ERROR] Erro inesperado ao salvar dados da venda: {'message': "Could not find the 'detalhes_itens' column of 'contabilidade' in the schema cache", 'code': 'PGRST204', 'hint': None, 'details': None}
2025-06-10 23:49:24,958 [INFO] HTTP Request: GET https://unvvrnovucylznxzuuip.supabase.co/rest/v1/recibos?select=ultimo_num&id=eq.1 "HTTP/2 200 OK"
2025-06-10 23:49:25,913 [INFO] HTTP Request: PATCH https://unvvrnovucylznxzuuip.supabase.co/rest/v1/recibos?id=eq.1 "HTTP/2 200 OK"
2025-06-10 23:49:31,036 [INFO] HTTP Request: POST https://unvvrnovucylznxzuuip.supabase.co/storage/v1/object/recibos_vendas/recibo_1015_Lucas_Salpt.pdf "HTTP/2 400 Bad Request"
2025-06-10 23:49:31,053 [ERROR] Erro ao salvar PDF no Supabase Storage: {'statusCode': 404, 'error': Bucket not found, 'message': Bucket not found}
2025-06-10 23:49:32,313 [INFO] HTTP Request: POST https://unvvrnovucylznxzuuip.supabase.co/rest/v1/contabilidade "HTTP/2 400 Bad Request"
2025-06-10 23:49:32,318 [ERROR] Erro inesperado ao salvar dados da venda: {'message': "Could not find the 'detalhes_itens' column of 'contabilidade' in the schema cache", 'code': 'PGRST204', 'hint': None, 'details': None}
2025-06-11 00:04:00,798 [INFO] HTTP Request: GET https://unvvrnovucylznxzuuip.supabase.co/rest/v1/recibos?select=ultimo_num&id=eq.1 "HTTP/2 200 OK"
2025-06-11 00:04:01,641 [INFO] HTTP Request: PATCH https://unvvrnovucylznxzuuip.supabase.co/rest/v1/recibos?id=eq.1 "HTTP/2 200 OK"
2025-06-11 00:04:06,960 [INFO] HTTP Request: POST https://unvvrnovucylznxzuuip.supabase.co/storage/v1/object/recibos_vendas/recibo_1016_Lucas_Salpt.pdf "HTTP/2 400 Bad Request"
2025-06-11 00:04:06,992 [ERROR] Erro ao salvar PDF no Supabase Storage: {'statusCode': 404, 'error': Bucket not found, 'message': Bucket not found}
2025-06-11 00:04:08,172 [INFO] HTTP Request: POST https://unvvrnovucylznxzuuip.supabase.co/rest/v1/contabilidade "HTTP/2 201 Created"
2025-06-11 00:04:08,177 [ERROR] Erro inesperado ao salvar dados da venda: 'APIResponse[TypeVar]' object has no attribute 'status_code'
2025-06-11 00:12:41,312 [INFO] HTTP Request: GET https://unvvrnovucylznxzuuip.supabase.co/rest/v1/recibos?select=ultimo_num&id=eq.1 "HTTP/2 200 OK"
2025-06-11 00:12:42,028 [INFO] HTTP Request: PATCH https://unvvrnovucylznxzuuip.supabase.co/rest/v1/recibos?id=eq.1 "HTTP/2 200 OK"
2025-06-11 00:12:48,971 [INFO] HTTP Request: POST https://unvvrnovucylznxzuuip.supabase.co/storage/v1/object/recibosvendas/recibo_1017_Lucas_Salpt.pdf "HTTP/2 200 OK"
2025-06-11 00:12:50,267 [INFO] HTTP Request: POST https://unvvrnovucylznxzuuip.supabase.co/rest/v1/contabilidade "HTTP/2 201 Created"
2025-06-11 00:12:50,279 [ERROR] Erro inesperado ao salvar dados da venda: 'APIResponse[TypeVar]' object has no attribute 'status_code'
2025-06-11 00:13:45,312 [INFO] HTTP Request: GET https://unvvrnovucylznxzuuip.supabase.co/rest/v1/recibos?select=ultimo_num&id=eq.1 "HTTP/2 200 OK"
2025-06-11 00:13:46,190 [INFO] HTTP Request: PATCH https://unvvrnovucylznxzuuip.supabase.co/rest/v1/recibos?id=eq.1 "HTTP/2 200 OK"
2025-06-11 00:13:52,548 [INFO] HTTP Request: POST https://unvvrnovucylznxzuuip.supabase.co/storage/v1/object/recibosvendas/recibo_1018_Lucas_Salpt.pdf "HTTP/2 200 OK"
2025-06-11 00:13:53,672 [INFO] HTTP Request: GET https://unvvrnovucylznxzuuip.supabase.co/rest/v1/recibos?select=ultimo_num&id=eq.1 "HTTP/2 200 OK"
2025-06-11 00:13:54,393 [INFO] HTTP Request: PATCH https://unvvrnovucylznxzuuip.supabase.co/rest/v1/recibos?id=eq.1 "HTTP/2 200 OK"
2025-06-11 00:14:00,129 [INFO] HTTP Request: POST https://unvvrnovucylznxzuuip.supabase.co/storage/v1/object/recibosvendas/recibo_1019_Lucas_Salpt.pdf "HTTP/2 200 OK"
2025-06-11 00:14:01,306 [INFO] HTTP Request: POST https://unvvrnovucylznxzuuip.supabase.co/rest/v1/contabilidade "HTTP/2 201 Created"
2025-06-11 00:14:01,322 [ERROR] Erro inesperado ao salvar dados da venda: 'APIResponse[TypeVar]' object has no attribute 'status_code'
2025-06-11 00:19:57,644 [INFO] HTTP Request: GET https://unvvrnovucylznxzuuip.supabase.co/rest/v1/contabilidade?select=%2A "HTTP/2 200 OK"
2025-06-11 00:30:58,986 [INFO] HTTP Request: POST https://unvvrnovucylznxzuuip.supabase.co/storage/v1/object/paciente_fotos/20250611003054450827.jpg "HTTP/2 400 Bad Request"
2025-06-11 00:30:59,163 [ERROR] Exceção durante o upload da foto: {'statusCode': 404, 'error': Bucket not found, 'message': Bucket not found}
2025-06-11 00:31:02,220 [INFO] HTTP Request: POST https://unvvrnovucylznxzuuip.supabase.co/rest/v1/pacientes "HTTP/2 201 Created"
2025-06-11 00:31:02,311 [ERROR] Erro inesperado ao salvar paciente: 'APIResponse[TypeVar]' object has no attribute 'status_code'
2025-06-11 00:39:29,391 [INFO] HTTP Request: POST https://unvvrnovucylznxzuuip.supabase.co/auth/v1/token?grant_type=refresh_token "HTTP/2 200 OK"
2025-06-11 00:39:30,665 [INFO] HTTP Request: POST https://unvvrnovucylznxzuuip.supabase.co/auth/v1/token?grant_type=refresh_token "HTTP/2 200 OK"
2025-06-11 00:40:37,546 [INFO] HTTP Request: POST https://unvvrnovucylznxzuuip.supabase.co/storage/v1/object/paciente_fotos/20250611004033129920.jpg "HTTP/2 400 Bad Request"
2025-06-11 00:40:37,574 [ERROR] Exceção durante o upload da foto: {'statusCode': 404, 'error': Bucket not found, 'message': Bucket not found}
2025-06-11 00:40:40,747 [INFO] HTTP Request: POST https://unvvrnovucylznxzuuip.supabase.co/rest/v1/pacientes "HTTP/2 201 Created"
2025-06-11 00:40:59,020 [INFO] HTTP Request: POST https://unvvrnovucylznxzuuip.supabase.co/auth/v1/token?grant_type=refresh_token "HTTP/2 200 OK"
2025-06-11 00:40:59,731 [INFO] HTTP Request: POST https://unvvrnovucylznxzuuip.supabase.co/auth/v1/token?grant_type=refresh_token "HTTP/2 200 OK"
2025-06-11 00:41:43,784 [INFO] HTTP Request: GET https://unvvrnovucylznxzuuip.supabase.co/rest/v1/pacientes?select=%2A "HTTP/2 200 OK"
2025-06-11 00:42:05,561 [INFO] HTTP Request: GET https://unvvrnovucylznxzuuip.supabase.co/rest/v1/pacientes?select=%2A "HTTP/2 200 OK"
2025-06-11 00:42:15,333 [INFO] HTTP Request: GET https://unvvrnovucylznxzuuip.supabase.co/rest/v1/pacientes?select=%2A "HTTP/2 200 OK"
2025-06-11 00:42:26,974 [INFO] HTTP Request: GET https://unvvrnovucylznxzuuip.supabase.co/rest/v1/pacientes?select=%2A "HTTP/2 200 OK"
2025-06-11 00:42:42,024 [INFO] HTTP Request: POST https://unvvrnovucylznxzuuip.supabase.co/auth/v1/token?grant_type=refresh_token "HTTP/2 200 OK"
2025-06-11 00:42:43,089 [INFO] HTTP Request: POST https://unvvrnovucylznxzuuip.supabase.co/auth/v1/token?grant_type=refresh_token "HTTP/2 200 OK"
2025-06-11 00:42:49,721 [INFO] HTTP Request: GET https://unvvrnovucylznxzuuip.supabase.co/rest/v1/pacientes?select=%2A "HTTP/2 200 OK"
2025-06-11 00:43:14,343 [INFO] HTTP Request: GET https://unvvrnovucylznxzuuip.supabase.co/rest/v1/consultas?select=%2A "HTTP/2 200 OK"
2025-06-11 00:44:38,823 [INFO] HTTP Request: POST https://unvvrnovucylznxzuuip.supabase.co/rest/v1/consultas "HTTP/2 201 Created"
2025-06-11 00:44:38,838 [ERROR] Erro inesperado ao agendar consulta: 'APIResponse[TypeVar]' object has no attribute 'status_code'
2025-06-11 00:44:39,230 [INFO] HTTP Request: GET https://unvvrnovucylznxzuuip.supabase.co/rest/v1/consultas?select=%2A "HTTP/2 200 OK"
2025-06-11 01:33:03,410 [INFO] HTTP Request: POST https://unvvrnovucylznxzuuip.supabase.co/auth/v1/token?grant_type=password "HTTP/2 200 OK"
2025-06-11 01:33:22,160 [INFO] HTTP Request: GET https://unvvrnovucylznxzuuip.supabase.co/rest/v1/exames?select=%2A "HTTP/2 200 OK"
2025-06-11 01:34:52,958 [INFO] HTTP Request: POST https://unvvrnovucylznxzuuip.supabase.co/storage/v1/object/cotacoes_pdfs/cotacao_RAJ_Mudac_20250611013448.pdf "HTTP/2 400 Bad Request"
2025-06-11 01:34:53,027 [ERROR] Erro ao salvar cotação ou PDF: {'statusCode': 404, 'error': Bucket not found, 'message': Bucket not found}
2025-06-11 01:36:45,897 [INFO] HTTP Request: POST https://unvvrnovucylznxzuuip.supabase.co/storage/v1/object/cotacoes-pdfs/cotacao_RAJ_Mudac_20250611013641.pdf "HTTP/2 200 OK"
2025-06-11 01:36:49,043 [INFO] HTTP Request: POST https://unvvrnovucylznxzuuip.supabase.co/rest/v1/cotacoes "HTTP/2 201 Created"
2025-06-11 01:37:33,492 [INFO] HTTP Request: POST https://unvvrnovucylznxzuuip.supabase.co/storage/v1/object/cotacoes-pdfs/cotacao_RAJ_Mudac_20250611013728.pdf "HTTP/2 200 OK"
2025-06-11 01:37:36,583 [INFO] HTTP Request: POST https://unvvrnovucylznxzuuip.supabase.co/rest/v1/cotacoes "HTTP/2 201 Created"
2025-06-11 01:38:55,028 [INFO] HTTP Request: POST https://unvvrnovucylznxzuuip.supabase.co/storage/v1/object/cotacoes-pdfs/cotacao_RAJ_Mudac_20250611013850.pdf "HTTP/2 200 OK"
2025-06-11 01:38:57,993 [INFO] HTTP Request: POST https://unvvrnovucylznxzuuip.supabase.co/rest/v1/cotacoes "HTTP/2 201 Created"
2025-06-11 01:39:20,690 [INFO] HTTP Request: POST https://unvvrnovucylznxzuuip.supabase.co/auth/v1/token?grant_type=refresh_token "HTTP/2 200 OK"
2025-06-11 01:39:21,641 [INFO] HTTP Request: POST https://unvvrnovucylznxzuuip.supabase.co/auth/v1/token?grant_type=refresh_token "HTTP/2 200 OK"
2025-06-11 01:40:25,789 [INFO] HTTP Request: GET https://unvvrnovucylznxzuuip.supabase.co/rest/v1/pacientes_entrada?select=%2A&user_id=eq.3858882b-6804-4918-b377-fb62e7475fad&nome=ilike.%raw%&order=data_entrada.desc "HTTP/2 500 Internal Server Error"
2025-06-11 01:40:25,958 [ERROR] Erro inesperado ao consultar histórico: {'message': 'JSON could not be generated', 'code': 500, 'hint': 'Refer to full message for details', 'details': 'b\'<!DOCTYPE html>\\n<!--[if lt IE 7]> <html class="no-js ie6 oldie" lang="en-US"> <![endif]-->\\n<!--[if IE 7]>    <html class="no-js ie7 oldie" lang="en-US"> <![endif]-->\\n<!--[if IE 8]>    <html class="no-js ie8 oldie" lang="en-US"> <![endif]-->\\n<!--[if gt IE 8]><!--> <html class="no-js" lang="en-US"> <!--<![endif]-->\\n<head>\\n<title>Worker threw exception | unvvrnovucylznxzuuip.supabase.co | Cloudflare</title>\\n<meta charset="UTF-8" />\\n<meta http-equiv="Content-Type" content="text/html; charset=UTF-8" />\\n<meta http-equiv="X-UA-Compatible" content="IE=Edge" />\\n<meta name="robots" content="noindex, nofollow" />\\n<meta name="viewport" content="width=device-width,initial-scale=1" />\\n<link rel="stylesheet" id="cf_styles-css" href="/cdn-cgi/styles/cf.errors.css" />\\n<!--[if lt IE 9]><link rel="stylesheet" id=\\\'cf_styles-ie-css\\\' href="/cdn-cgi/styles/cf.errors.ie.css" /><![endif]-->\\n<style>body{margin:0;padding:0}</style>\\n\\n\\n<!--[if gte IE 10]><!-->\\n<script>\\n  if (!navigator.cookieEnabled) {\\n    window.addEventListener(\\\'DOMContentLoaded\\\', function () {\\n      var cookieEl = document.getElementById(\\\'cookie-alert\\\');\\n      cookieEl.style.display = \\\'block\\\';\\n    })\\n  }\\n</script>\\n<!--<![endif]-->\\n\\n\\n</head>\\n<body>\\n  <div id="cf-wrapper">\\n    <div class="cf-alert cf-alert-error cf-cookie-error" id="cookie-alert" data-translate="enable_cookies">Please enable cookies.</div>\\n    <div id="cf-error-details" class="cf-error-details-wrapper">\\n      <div class="cf-wrapper cf-header cf-error-overview">\\n        <h1>\\n          <span class="cf-error-type" data-translate="error">Error</span>\\n          <span class="cf-error-code">1101</span>\\n          <small class="heading-ray-id">Ray ID: 94dcb6b37a6294a4 &bull; 2025-06-10 23:40:25 UTC</small>\\n        </h1>\\n        <h2 class="cf-subheadline" data-translate="error_desc">Worker threw exception</h2>\\n      </div><!-- /.header -->\\n\\n      <section></section><!-- spacer -->\\n\\n      <div class="cf-section cf-wrapper">\\n        <div class="cf-columns two">\\n          <div class="cf-column">\\n            <h2 data-translate="what_happened">What happened?</h2>\\n            <p>You\\\'ve requested a page on a website (unvvrnovucylznxzuuip.supabase.co) that is on the <a href="https://www.cloudflare.com/5xx-error-landing/" target="_blank">Cloudflare</a> network. An unknown error occurred while rendering the page.</p>\\n          </div>\\n\\n          \\n          <div class="cf-column">\\n            <h2 data-translate="what_can_i_do">What can I do?</h2>\\n            <p><strong>If you are the owner of this website:</strong><br />refer to <a href="https://developers.cloudflare.com/workers/observability/errors/" target="_blank">Workers - Errors and Exceptions</a> and check Workers Logs for unvvrnovucylznxzuuip.supabase.co.</p>\\n          </div>\\n          \\n        </div>\\n      </div><!-- /.section -->\\n\\n      <div class="cf-error-footer cf-wrapper w-240 lg:w-full py-10 sm:py-4 sm:px-8 mx-auto text-center sm:text-left border-solid border-0 border-t border-gray-300">\\n  <p class="text-13">\\n    <span class="cf-footer-item sm:block sm:mb-1">Cloudflare Ray ID: <strong class="font-semibold">94dcb6b37a6294a4</strong></span>\\n    <span class="cf-footer-separator sm:hidden">&bull;</span>\\n    <span id="cf-footer-item-ip" class="cf-footer-item hidden sm:block sm:mb-1">\\n      Your IP:\\n      <button type="button" id="cf-footer-ip-reveal" class="cf-footer-ip-reveal-btn">Click to reveal</button>\\n      <span class="hidden" id="cf-footer-ip">197.218.118.183</span>\\n      <span class="cf-footer-separator sm:hidden">&bull;</span>\\n    </span>\\n    <span class="cf-footer-item sm:block sm:mb-1"><span>Performance &amp; security by</span> <a rel="noopener noreferrer" href="https://www.cloudflare.com/5xx-error-landing" id="brand_link" target="_blank">Cloudflare</a></span>\\n    \\n  </p>\\n  <script>(function(){function d(){var b=a.getElementById("cf-footer-item-ip"),c=a.getElementById("cf-footer-ip-reveal");b&&"classList"in b&&(b.classList.remove("hidden"),c.addEventListener("click",function(){c.classList.add("hidden");a.getElementById("cf-footer-ip").classList.remove("hidden")}))}var a=document;document.addEventListener&&a.addEventListener("DOMContentLoaded",d)})();</script>\\n</div><!-- /.error-footer -->\\n\\n\\n    </div><!-- /#cf-error-details -->\\n  </div><!-- /#cf-wrapper -->\\n\\n  <script>\\n  window._cf_translation = {};\\n  \\n  \\n</script>\\n\\n</body>\\n</html>\\n\''}
2025-06-11 01:40:37,802 [INFO] HTTP Request: GET https://unvvrnovucylznxzuuip.supabase.co/rest/v1/pacientes?select=%2A "HTTP/2 200 OK"
2025-06-11 01:40:50,296 [INFO] HTTP Request: POST https://unvvrnovucylznxzuuip.supabase.co/auth/v1/token?grant_type=refresh_token "HTTP/2 200 OK"
2025-06-11 01:40:51,245 [INFO] HTTP Request: POST https://unvvrnovucylznxzuuip.supabase.co/auth/v1/token?grant_type=refresh_token "HTTP/2 200 OK"
2025-06-11 01:42:36,057 [INFO] HTTP Request: POST https://unvvrnovucylznxzuuip.supabase.co/auth/v1/token?grant_type=refresh_token "HTTP/2 200 OK"
2025-06-11 01:42:36,823 [INFO] HTTP Request: POST https://unvvrnovucylznxzuuip.supabase.co/auth/v1/token?grant_type=refresh_token "HTTP/2 200 OK"
2025-06-11 01:53:00,865 [INFO] HTTP Request: POST https://unvvrnovucylznxzuuip.supabase.co/auth/v1/token?grant_type=password "HTTP/2 200 OK"
